<?xml version="1.0" encoding="UTF-8"?>
<testsuite xmlns:xsi="http://www.w3.org/2001/XMLSchema-instance" xsi:noNamespaceSchemaLocation="https://maven.apache.org/surefire/maven-surefire-plugin/xsd/surefire-test-report-3.0.xsd" version="3.0" name="JunitPrograms.CalculatorTest" time="0.059" tests="5" errors="0" skipped="0" failures="0">
  <properties>
    <property name="sun.desktop" value="windows"/>
    <property name="awt.toolkit" value="sun.awt.windows.WToolkit"/>
    <property name="file.encoding.pkg" value="sun.io"/>
    <property name="java.specification.version" value="1.8"/>
    <property name="sun.cpu.isalist" value="amd64"/>
    <property name="sun.jnu.encoding" value="Cp1252"/>
    <property name="java.class.path" value="C:\Users\kayal\Downloads\employee-management-system_chap2\employee-management-system\target\test-classes;C:\Users\kayal\Downloads\employee-management-system_chap2\employee-management-system\target\classes;C:\Users\kayal\.m2\repository\org\springframework\spring-context\4.0.5.RELEASE\spring-context-4.0.5.RELEASE.jar;C:\Users\kayal\.m2\repository\org\springframework\spring-aop\4.0.5.RELEASE\spring-aop-4.0.5.RELEASE.jar;C:\Users\kayal\.m2\repository\aopalliance\aopalliance\1.0\aopalliance-1.0.jar;C:\Users\kayal\.m2\repository\org\springframework\spring-beans\4.0.5.RELEASE\spring-beans-4.0.5.RELEASE.jar;C:\Users\kayal\.m2\repository\org\springframework\spring-core\4.0.5.RELEASE\spring-core-4.0.5.RELEASE.jar;C:\Users\kayal\.m2\repository\commons-logging\commons-logging\1.1.3\commons-logging-1.1.3.jar;C:\Users\kayal\.m2\repository\org\springframework\spring-expression\4.0.5.RELEASE\spring-expression-4.0.5.RELEASE.jar;C:\Users\kayal\.m2\repository\junit\junit\4.13.2\junit-4.13.2.jar;C:\Users\kayal\.m2\repository\org\hamcrest\hamcrest-core\1.3\hamcrest-core-1.3.jar;"/>
    <property name="java.vm.vendor" value="Oracle Corporation"/>
    <property name="sun.arch.data.model" value="64"/>
    <property name="user.variant" value=""/>
    <property name="java.vendor.url" value="http://java.oracle.com/"/>
    <property name="user.timezone" value="Asia/Calcutta"/>
    <property name="java.vm.specification.version" value="1.8"/>
    <property name="os.name" value="Windows 10"/>
    <property name="user.country" value="IN"/>
    <property name="sun.java.launcher" value="SUN_STANDARD"/>
    <property name="sun.boot.library.path" value="C:\Program Files\Java\jdk1.8.0_301\jre\bin"/>
    <property name="sun.java.command" value="C:\Users\kayal\AppData\Local\Temp\surefire996597398184352099\surefirebooter-20241111114325092_3.jar C:\Users\kayal\AppData\Local\Temp\surefire996597398184352099 2024-11-11T11-43-24_822-jvmRun1 surefire-20241111114325092_1tmp surefire_0-20241111114325092_2tmp"/>
    <property name="surefire.test.class.path" value="C:\Users\kayal\Downloads\employee-management-system_chap2\employee-management-system\target\test-classes;C:\Users\kayal\Downloads\employee-management-system_chap2\employee-management-system\target\classes;C:\Users\kayal\.m2\repository\org\springframework\spring-context\4.0.5.RELEASE\spring-context-4.0.5.RELEASE.jar;C:\Users\kayal\.m2\repository\org\springframework\spring-aop\4.0.5.RELEASE\spring-aop-4.0.5.RELEASE.jar;C:\Users\kayal\.m2\repository\aopalliance\aopalliance\1.0\aopalliance-1.0.jar;C:\Users\kayal\.m2\repository\org\springframework\spring-beans\4.0.5.RELEASE\spring-beans-4.0.5.RELEASE.jar;C:\Users\kayal\.m2\repository\org\springframework\spring-core\4.0.5.RELEASE\spring-core-4.0.5.RELEASE.jar;C:\Users\kayal\.m2\repository\commons-logging\commons-logging\1.1.3\commons-logging-1.1.3.jar;C:\Users\kayal\.m2\repository\org\springframework\spring-expression\4.0.5.RELEASE\spring-expression-4.0.5.RELEASE.jar;C:\Users\kayal\.m2\repository\junit\junit\4.13.2\junit-4.13.2.jar;C:\Users\kayal\.m2\repository\org\hamcrest\hamcrest-core\1.3\hamcrest-core-1.3.jar;"/>
    <property name="sun.cpu.endian" value="little"/>
    <property name="user.home" value="C:\Users\kayal"/>
    <property name="user.language" value="en"/>
    <property name="java.specification.vendor" value="Oracle Corporation"/>
    <property name="java.home" value="C:\Program Files\Java\jdk1.8.0_301\jre"/>
    <property name="basedir" value="C:\Users\kayal\Downloads\employee-management-system_chap2\employee-management-system"/>
    <property name="file.separator" value="\"/>
    <property name="line.separator" value="&#10;"/>
    <property name="java.vm.specification.vendor" value="Oracle Corporation"/>
    <property name="java.specification.name" value="Java Platform API Specification"/>
    <property name="java.awt.graphicsenv" value="sun.awt.Win32GraphicsEnvironment"/>
    <property name="surefire.real.class.path" value="C:\Users\kayal\AppData\Local\Temp\surefire996597398184352099\surefirebooter-20241111114325092_3.jar"/>
    <property name="sun.boot.class.path" value="C:\Program Files\Java\jdk1.8.0_301\jre\lib\resources.jar;C:\Program Files\Java\jdk1.8.0_301\jre\lib\rt.jar;C:\Program Files\Java\jdk1.8.0_301\jre\lib\sunrsasign.jar;C:\Program Files\Java\jdk1.8.0_301\jre\lib\jsse.jar;C:\Program Files\Java\jdk1.8.0_301\jre\lib\jce.jar;C:\Program Files\Java\jdk1.8.0_301\jre\lib\charsets.jar;C:\Program Files\Java\jdk1.8.0_301\jre\lib\jfr.jar;C:\Program Files\Java\jdk1.8.0_301\jre\classes"/>
    <property name="user.script" value=""/>
    <property name="sun.management.compiler" value="HotSpot 64-Bit Tiered Compilers"/>
    <property name="java.runtime.version" value="1.8.0_301-b09"/>
    <property name="user.name" value="kayal"/>
    <property name="path.separator" value=";"/>
    <property name="os.version" value="10.0"/>
    <property name="java.endorsed.dirs" value="C:\Program Files\Java\jdk1.8.0_301\jre\lib\endorsed"/>
    <property name="java.runtime.name" value="Java(TM) SE Runtime Environment"/>
    <property name="file.encoding" value="Cp1252"/>
    <property name="java.vm.name" value="Java HotSpot(TM) 64-Bit Server VM"/>
    <property name="localRepository" value="C:\Users\kayal\.m2\repository"/>
    <property name="java.vendor.url.bug" value="http://bugreport.sun.com/bugreport/"/>
    <property name="java.io.tmpdir" value="C:\Users\kayal\AppData\Local\Temp\"/>
    <property name="java.version" value="1.8.0_301"/>
    <property name="user.dir" value="C:\Users\kayal\Downloads\employee-management-system_chap2\employee-management-system"/>
    <property name="os.arch" value="amd64"/>
    <property name="java.vm.specification.name" value="Java Virtual Machine Specification"/>
    <property name="java.awt.printerjob" value="sun.awt.windows.WPrinterJob"/>
    <property name="sun.os.patch.level" value=""/>
    <property name="java.library.path" value="C:\Program Files\Java\jdk1.8.0_301\jre\bin;C:\WINDOWS\Sun\Java\bin;C:\WINDOWS\system32;C:\WINDOWS;C:\Program Files\Common Files\Oracle\Java\javapath;C:\Program Files\Java\jdk1.8.0_301\bin;C:\WINDOWS\system32;C:\WINDOWS;C:\WINDOWS\System32\Wbem;C:\WINDOWS\System32\WindowsPowerShell\v1.0\;C:\WINDOWS\System32\OpenSSH\;D:\Java_Softwares\febGit\cmd;C:\Program Files\nodejs\;C:\Program Files\Java\jdk1.8.0_301\bin;C:\Users\kayal\AppData\Local\Microsoft\WindowsApps;C:\Program Files (x86)\Brackets\;C:\Users\kayal\AppData\Local\Programs\Microsoft VS Code\bin;C:\Users\kayal\AppData\Roaming\npm;C:\Software\apache-maven-3.9.9-bin\apache-maven-3.9.9\bin;C:\Software\apache-maven-3.9.9-bin\apache-maven-3.9.9\bin;;."/>
    <property name="java.vm.info" value="mixed mode"/>
    <property name="java.vendor" value="Oracle Corporation"/>
    <property name="java.vm.version" value="25.301-b09"/>
    <property name="java.ext.dirs" value="C:\Program Files\Java\jdk1.8.0_301\jre\lib\ext;C:\WINDOWS\Sun\Java\lib\ext"/>
    <property name="sun.io.unicode.encoding" value="UnicodeLittle"/>
    <property name="java.class.version" value="52.0"/>
  </properties>
  <testcase name="testDivideByZero" classname="JunitPrograms.CalculatorTest" time="0.005"/>
  <testcase name="testAdd" classname="JunitPrograms.CalculatorTest" time="0.0"/>
  <testcase name="testSubtract" classname="JunitPrograms.CalculatorTest" time="0.0"/>
  <testcase name="testDivide" classname="JunitPrograms.CalculatorTest" time="0.0"/>
  <testcase name="testMultiply" classname="JunitPrograms.CalculatorTest" time="0.001"/>
</testsuite>